#
# There is insufficient memory for the Java Runtime Environment to continue.
# Native memory allocation (mmap) failed to map 770179072 bytes for committing reserved memory.
# Possible reasons:
#   The system is out of physical RAM or swap space
#   In 32 bit mode, the process size limit was hit
# Possible solutions:
#   Reduce memory load on the system
#   Increase physical memory or swap space
#   Check if swap backing store is full
#   Use 64 bit Java on a 64 bit OS
#   Decrease Java heap size (-Xmx/-Xms)
#   Decrease number of Java threads
#   Decrease Java thread stack sizes (-Xss)
#   Set larger code cache with -XX:ReservedCodeCacheSize=
# This output file may be truncated or incomplete.
#
#  Out of Memory Error (os_linux.cpp:2640), pid=14099, tid=0x00007f29caa70700
#
# JRE version: Java(TM) SE Runtime Environment (8.0_171-b11) (build 1.8.0_171-b11)
# Java VM: Java HotSpot(TM) 64-Bit Server VM (25.171-b11 mixed mode linux-amd64 compressed oops)
# Failed to write core dump. Core dumps have been disabled. To enable core dumping, try "ulimit -c unlimited" before starting Java again
#

---------------  T H R E A D  ---------------

Current thread (0x00007f2a101c7000):  VMThread [stack: 0x00007f29ca971000,0x00007f29caa71000] [id=14109]

Stack: [0x00007f29ca971000,0x00007f29caa71000],  sp=0x00007f29caa6f1e0,  free space=1016k
Native frames: (J=compiled Java code, j=interpreted, Vv=VM code, C=native code)
V  [libjvm.so+0xacfffa]  VMError::report_and_die()+0x2ba
V  [libjvm.so+0x5005cb]  report_vm_out_of_memory(char const*, int, unsigned long, VMErrorType, char const*)+0x8b
V  [libjvm.so+0x92dd93]  os::Linux::commit_memory_impl(char*, unsigned long, bool)+0x123
V  [libjvm.so+0x92dfb9]  os::pd_commit_memory(char*, unsigned long, unsigned long, bool)+0x29
V  [libjvm.so+0x92527a]  os::commit_memory(char*, unsigned long, unsigned long, bool)+0x2a
V  [libjvm.so+0x99b223]  PSVirtualSpace::expand_by(unsigned long)+0x53
V  [libjvm.so+0x98bae0]  PSOldGen::expand(unsigned long)+0x170
V  [libjvm.so+0x98bceb]  PSOldGen::resize(unsigned long)+0x1cb
V  [libjvm.so+0x9939f1]  PSParallelCompact::invoke_no_policy(bool)+0x991
V  [libjvm.so+0x99934d]  PSScavenge::invoke()+0x1ad
V  [libjvm.so+0x94fcb0]  ParallelScavengeHeap::failed_mem_allocate(unsigned long)+0x70
V  [libjvm.so+0xad1a77]  VM_ParallelGCFailedAllocation::doit()+0x97
V  [libjvm.so+0xad9595]  VM_Operation::evaluate()+0x55
V  [libjvm.so+0xad795a]  VMThread::evaluate_operation(VM_Operation*)+0xba
V  [libjvm.so+0xad7cde]  VMThread::loop()+0x1ce
V  [libjvm.so+0xad8150]  VMThread::run()+0x70
V  [libjvm.so+0x92e0f8]  java_start(Thread*)+0x108

VM_Operation (0x00007f2a1691f3a0): ParallelGCFailedAllocation, mode: safepoint, requested by thread 0x00007f2a10009000


---------------  P R O C E S S  ---------------

Java Threads: ( => current thread )
  0x00007f2a12f40000 JavaThread "Report about progress of Java AST analyzer" daemon [_thread_blocked, id=15862, stack(0x00007f297e37b000,0x00007f297e47c000)]
  0x00007f2a11de7800 JavaThread "CLEANUP_MANAGER" [_thread_blocked, id=15852, stack(0x00007f28f2aff000,0x00007f28f2c00000)]
  0x00007f2a11de7000 JavaThread "CHECKPOINT_WRITER" [_thread_blocked, id=15851, stack(0x00007f29345fa000,0x00007f29346fb000)]
  0x00007f2a11de5800 JavaThread "TXN_UPDATE" [_thread_blocked, id=15850, stack(0x00007f297c072000,0x00007f297c173000)]
  0x00007f2a132d0000 JavaThread "PAGE_WRITER:8192" [_thread_blocked, id=15849, stack(0x00007f297e77f000,0x00007f297e880000)]
  0x00007f2a132cf000 JavaThread "JOURNAL_FLUSHER" [_thread_blocked, id=15848, stack(0x00007f297db79000,0x00007f297dc7a000)]
  0x00007f2a132ce000 JavaThread "JOURNAL_COPIER" [_thread_blocked, id=15847, stack(0x00007f2935afd000,0x00007f2935bfe000)]
  0x00007f2985f41000 JavaThread "LOG_FLUSHER" daemon [_thread_blocked, id=15846, stack(0x00007f297ed83000,0x00007f297ee84000)]
  0x00007f2a117ff000 JavaThread "Okio Watchdog" daemon [_thread_blocked, id=15843, stack(0x00007f297ec82000,0x00007f297ed83000)]
  0x00007f2a117fe000 JavaThread "OkHttp ConnectionPool" daemon [_thread_blocked, id=15842, stack(0x00007f297dc7a000,0x00007f297dd7b000)]
  0x00007f2a132d8000 JavaThread "Okio Watchdog" daemon [_thread_blocked, id=15770, stack(0x00007f29376ff000,0x00007f2937800000)]
  0x00007f2a12b72000 JavaThread "OkHttp ConnectionPool" daemon [_thread_blocked, id=15769, stack(0x00007f297d775000,0x00007f297d876000)]
  0x00007f298527e000 JavaThread "Okio Watchdog" daemon [_thread_blocked, id=15531, stack(0x00007f29340f7000,0x00007f29341f8000)]
  0x00007f2a11b91000 JavaThread "OkHttp ConnectionPool" daemon [_thread_blocked, id=15530, stack(0x00007f29359fc000,0x00007f2935afd000)]
  0x00007f2a10e3b800 JavaThread "OkHttp ConnectionPool" daemon [_thread_blocked, id=15529, stack(0x00007f297e67e000,0x00007f297e77f000)]
  0x00007f29840fa800 JavaThread "OkHttp ConnectionPool" daemon [_thread_blocked, id=15325, stack(0x00007f29358fb000,0x00007f29359fc000)]
  0x00007f2984124800 JavaThread "OkHttp ConnectionPool" daemon [_thread_blocked, id=15194, stack(0x00007f297d573000,0x00007f297d674000)]
  0x00007f2984d5a000 JavaThread "OkHttp ConnectionPool" daemon [_thread_blocked, id=15104, stack(0x00007f297e47c000,0x00007f297e57d000)]
  0x00007f2a104dd000 JavaThread "OkHttp ConnectionPool" daemon [_thread_blocked, id=15102, stack(0x00007f297d977000,0x00007f297da78000)]
  0x00007f2a1174c000 JavaThread "OkHttp ConnectionPool" daemon [_thread_blocked, id=15009, stack(0x00007f297da78000,0x00007f297db79000)]
  0x00007f2a109b4000 JavaThread "OkHttp ConnectionPool" daemon [_thread_blocked, id=14422, stack(0x00007f297e880000,0x00007f297e981000)]
  0x00007f2a11cc2800 JavaThread "OkHttp ConnectionPool" daemon [_thread_blocked, id=14300, stack(0x00007f297eb81000,0x00007f297ec82000)]
  0x00007f2a12c8a000 JavaThread "Okio Watchdog" daemon [_thread_blocked, id=14193, stack(0x00007f29b4caa000,0x00007f29b4dab000)]
  0x00007f2a131ca000 JavaThread "HikariPool-1 housekeeper" daemon [_thread_blocked, id=14130, stack(0x00007f29c8924000,0x00007f29c8a25000)]
  0x00007f2994227000 JavaThread "derby.rawStoreDaemon" daemon [_thread_blocked, id=14129, stack(0x00007f29c8012000,0x00007f29c8113000)]
  0x00007f2a1136b800 JavaThread "Timer-0" daemon [_thread_blocked, id=14126, stack(0x00007f29c9f66000,0x00007f29ca067000)]
  0x00007f2a1021a000 JavaThread "Service Thread" daemon [_thread_blocked, id=14117, stack(0x00007f29ca168000,0x00007f29ca269000)]
  0x00007f2a1020f000 JavaThread "C1 CompilerThread3" daemon [_thread_blocked, id=14116, stack(0x00007f29ca26a000,0x00007f29ca36a000)]
  0x00007f2a1020c800 JavaThread "C2 CompilerThread2" daemon [_thread_blocked, id=14115, stack(0x00007f29ca36b000,0x00007f29ca46b000)]
  0x00007f2a1020b000 JavaThread "C2 CompilerThread1" daemon [_thread_blocked, id=14114, stack(0x00007f29ca46c000,0x00007f29ca56c000)]
  0x00007f2a10208000 JavaThread "C2 CompilerThread0" daemon [_thread_blocked, id=14113, stack(0x00007f29ca56d000,0x00007f29ca66d000)]
  0x00007f2a10206800 JavaThread "Signal Dispatcher" daemon [_thread_blocked, id=14112, stack(0x00007f29ca66d000,0x00007f29ca76e000)]
  0x00007f2a101d3800 JavaThread "Finalizer" daemon [_thread_blocked, id=14111, stack(0x00007f29ca76e000,0x00007f29ca86f000)]
  0x00007f2a101ce800 JavaThread "Reference Handler" daemon [_thread_blocked, id=14110, stack(0x00007f29ca86f000,0x00007f29ca970000)]
  0x00007f2a10009000 JavaThread "main" [_thread_blocked, id=14100, stack(0x00007f2a16825000,0x00007f2a16925000)]

Other Threads:
=>0x00007f2a101c7000 VMThread [stack: 0x00007f29ca971000,0x00007f29caa71000] [id=14109]
  0x00007f2a1021f000 WatcherThread [stack: 0x00007f29ca068000,0x00007f29ca168000] [id=14118]

VM state:at safepoint (normal execution)

VM Mutex/Monitor currently owned by a thread:  ([mutex/lock_event])
[0x00007f2a10006340] ExpandHeap_lock - owner thread: 0x00007f2a101c7000
[0x00007f2a100069c0] Threads_lock - owner thread: 0x00007f2a101c7000
[0x00007f2a10006ec0] Heap_lock - owner thread: 0x00007f2a10009000

Heap:
 PSYoungGen      total 1911808K, used 0K [0x0000000711000000, 0x00000007c0000000, 0x00000007c0000000)
  eden space 956416K, 0% used [0x0000000711000000,0x0000000711000000,0x000000074b600000)
  from space 955392K, 0% used [0x000000074b600000,0x000000074b600000,0x0000000785b00000)
  to   space 955392K, 0% used [0x0000000785b00000,0x0000000785b00000,0x00000007c0000000)
 ParOldGen       total 4982272K, used 4945402K [0x00000005b3000000, 0x00000006e3180000, 0x0000000711000000)
  object space 4982272K, 99% used [0x00000005b3000000,0x00000006e0d7ea78,0x00000006e3180000)
 Metaspace       used 264740K, capacity 273728K, committed 336240K, reserved 1341440K
  class space    used 32246K, capacity 34636K, committed 43696K, reserved 1048576K

Card table byte_map: [0x00007f29ff9bb000,0x00007f2a00a24000] byte_map_base: 0x00007f29fcc23000

Marking Bits: (ParMarkBitMap*) 0x00007f2a15cdf280
 Begin Bits: [0x00007f29cb980000, 0x00007f29d3cc0000)
 End Bits:   [0x00007f29d3cc0000, 0x00007f29dc000000)

Polling page: 0x00007f2a1692e000

CodeCache: size=245760Kb used=107709Kb max_used=191324Kb free=138050Kb
 bounds [0x00007f2a00de4000, 0x00007f2a0ca14000, 0x00007f2a0fde4000]
 total_blobs=33988 nmethods=33211 adapters=688
 compilation: enabled

Compilation events (10 events):
Event: 691.537 Thread 0x00007f2a1020f000 nmethod 121859 0x00007f2a00fb3b90 code [0x00007f2a00fb3d20, 0x00007f2a00fb40d0]
Event: 691.537 Thread 0x00007f2a1020f000 121860       3       com.persistit.TransactionIndex::commitStatus (205 bytes)
Event: 691.539 Thread 0x00007f2a1020f000 nmethod 121860 0x00007f2a01af85d0 code [0x00007f2a01af8860, 0x00007f2a01af9948]
Event: 692.212 Thread 0x00007f2a1020f000 121861       3       com.persistit.Persistit::checkFatal (22 bytes)
Event: 692.214 Thread 0x00007f2a1020f000 nmethod 121861 0x00007f2a012abed0 code [0x00007f2a012ac060, 0x00007f2a012ac568]
Event: 692.214 Thread 0x00007f2a1020f000 121862       3       com.persistit.Persistit::isFatal (8 bytes)
Event: 692.215 Thread 0x00007f2a1020f000 nmethod 121862 0x00007f2a015dcc90 code [0x00007f2a015dce00, 0x00007f2a015dd090]
Event: 692.343 Thread 0x00007f2a1020b000 nmethod 121857 0x00007f2a0b185a90 code [0x00007f2a0b1862a0, 0x00007f2a0b18b388]
Event: 692.366 Thread 0x00007f2a10208000 121863       4       org.sonar.java.se.NullableAnnotationUtils$$Lambda$6686/550763194::test (8 bytes)
Event: 692.367 Thread 0x00007f2a10208000 nmethod 121863 0x00007f2a0198dd10 code [0x00007f2a0198de60, 0x00007f2a0198df28]

GC Heap History (10 events):
Event: 680.453 GC heap after
Heap after GC invocations=131 (full 9):
 PSYoungGen      total 1911808K, used 924689K [0x0000000711000000, 0x00000007c0000000, 0x00000007c0000000)
  eden space 956416K, 0% used [0x0000000711000000,0x0000000711000000,0x000000074b600000)
  from space 955392K, 96% used [0x0000000785b00000,0x00000007be2046e0,0x00000007c0000000)
  to   space 955392K, 0% used [0x000000074b600000,0x000000074b600000,0x0000000785b00000)
 ParOldGen       total 3663872K, used 3140206K [0x00000005b3000000, 0x0000000692a00000, 0x0000000711000000)
  object space 3663872K, 85% used [0x00000005b3000000,0x0000000672a9b830,0x0000000692a00000)
 Metaspace       used 264740K, capacity 273728K, committed 336240K, reserved 1341440K
  class space    used 32246K, capacity 34636K, committed 43696K, reserved 1048576K
}
Event: 681.675 GC heap before
{Heap before GC invocations=132 (full 9):
 PSYoungGen      total 1911808K, used 1881105K [0x0000000711000000, 0x00000007c0000000, 0x00000007c0000000)
  eden space 956416K, 100% used [0x0000000711000000,0x000000074b600000,0x000000074b600000)
  from space 955392K, 96% used [0x0000000785b00000,0x00000007be2046e0,0x00000007c0000000)
  to   space 955392K, 0% used [0x000000074b600000,0x000000074b600000,0x0000000785b00000)
 ParOldGen       total 3663872K, used 3140206K [0x00000005b3000000, 0x0000000692a00000, 0x0000000711000000)
  object space 3663872K, 85% used [0x00000005b3000000,0x0000000672a9b830,0x0000000692a00000)
 Metaspace       used 264740K, capacity 273728K, committed 336240K, reserved 1341440K
  class space    used 32246K, capacity 34636K, committed 43696K, reserved 1048576K
Event: 682.210 GC heap after
Heap after GC invocations=132 (full 9):
 PSYoungGen      total 1911808K, used 885890K [0x0000000711000000, 0x00000007c0000000, 0x00000007c0000000)
  eden space 956416K, 0% used [0x0000000711000000,0x0000000711000000,0x000000074b600000)
  from space 955392K, 92% used [0x000000074b600000,0x0000000781720a00,0x0000000785b00000)
  to   space 955392K, 0% used [0x0000000785b00000,0x0000000785b00000,0x00000007c0000000)
 ParOldGen       total 3663872K, used 3474542K [0x00000005b3000000, 0x0000000692a00000, 0x0000000711000000)
  object space 3663872K, 94% used [0x00000005b3000000,0x000000068711ba80,0x0000000692a00000)
 Metaspace       used 264740K, capacity 273728K, committed 336240K, reserved 1341440K
  class space    used 32246K, capacity 34636K, committed 43696K, reserved 1048576K
}
Event: 682.210 GC heap before
{Heap before GC invocations=133 (full 10):
 PSYoungGen      total 1911808K, used 885890K [0x0000000711000000, 0x00000007c0000000, 0x00000007c0000000)
  eden space 956416K, 0% used [0x0000000711000000,0x0000000711000000,0x000000074b600000)
  from space 955392K, 92% used [0x000000074b600000,0x0000000781720a00,0x0000000785b00000)
  to   space 955392K, 0% used [0x0000000785b00000,0x0000000785b00000,0x00000007c0000000)
 ParOldGen       total 3663872K, used 3474542K [0x00000005b3000000, 0x0000000692a00000, 0x0000000711000000)
  object space 3663872K, 94% used [0x00000005b3000000,0x000000068711ba80,0x0000000692a00000)
 Metaspace       used 264740K, capacity 273728K, committed 336240K, reserved 1341440K
  class space    used 32246K, capacity 34636K, committed 43696K, reserved 1048576K
Event: 689.536 GC heap after
Heap after GC invocations=133 (full 10):
 PSYoungGen      total 1911808K, used 691485K [0x0000000711000000, 0x00000007c0000000, 0x00000007c0000000)
  eden space 956416K, 0% used [0x0000000711000000,0x0000000711000000,0x000000074b600000)
  from space 955392K, 72% used [0x000000074b600000,0x0000000775947690,0x0000000785b00000)
  to   space 955392K, 0% used [0x0000000785b00000,0x0000000785b00000,0x00000007c0000000)
 ParOldGen       total 4982272K, used 3663712K [0x00000005b3000000, 0x00000006e3180000, 0x0000000711000000)
  object space 4982272K, 73% used [0x00000005b3000000,0x00000006929d8008,0x00000006e3180000)
 Metaspace       used 264740K, capacity 273728K, committed 336240K, reserved 1341440K
  class space    used 32246K, capacity 34636K, committed 43696K, reserved 1048576K
}
Event: 690.755 GC heap before
{Heap before GC invocations=134 (full 10):
 PSYoungGen      total 1911808K, used 1647901K [0x0000000711000000, 0x00000007c0000000, 0x00000007c0000000)
  eden space 956416K, 100% used [0x0000000711000000,0x000000074b600000,0x000000074b600000)
  from space 955392K, 72% used [0x000000074b600000,0x0000000775947690,0x0000000785b00000)
  to   space 955392K, 0% used [0x0000000785b00000,0x0000000785b00000,0x00000007c0000000)
 ParOldGen       total 4982272K, used 3663712K [0x00000005b3000000, 0x00000006e3180000, 0x0000000711000000)
  object space 4982272K, 73% used [0x00000005b3000000,0x00000006929d8008,0x00000006e3180000)
 Metaspace       used 264740K, capacity 273728K, committed 336240K, reserved 1341440K
  class space    used 32246K, capacity 34636K, committed 43696K, reserved 1048576K
Event: 691.511 GC heap after
Heap after GC invocations=134 (full 10):
 PSYoungGen      total 1911808K, used 573858K [0x0000000711000000, 0x00000007c0000000, 0x00000007c0000000)
  eden space 956416K, 0% used [0x0000000711000000,0x0000000711000000,0x000000074b600000)
  from space 955392K, 60% used [0x0000000785b00000,0x00000007a8b68aa0,0x00000007c0000000)
  to   space 955392K, 0% used [0x000000074b600000,0x000000074b600000,0x0000000785b00000)
 ParOldGen       total 4982272K, used 4079152K [0x00000005b3000000, 0x00000006e3180000, 0x0000000711000000)
  object space 4982272K, 81% used [0x00000005b3000000,0x00000006abf8c318,0x00000006e3180000)
 Metaspace       used 264740K, capacity 273728K, committed 336240K, reserved 1341440K
  class space    used 32246K, capacity 34636K, committed 43696K, reserved 1048576K
}
Event: 692.730 GC heap before
{Heap before GC invocations=135 (full 10):
 PSYoungGen      total 1911808K, used 1530274K [0x0000000711000000, 0x00000007c0000000, 0x00000007c0000000)
  eden space 956416K, 100% used [0x0000000711000000,0x000000074b600000,0x000000074b600000)
  from space 955392K, 60% used [0x0000000785b00000,0x00000007a8b68aa0,0x00000007c0000000)
  to   space 955392K, 0% used [0x000000074b600000,0x000000074b600000,0x0000000785b00000)
 ParOldGen       total 4982272K, used 4079152K [0x00000005b3000000, 0x00000006e3180000, 0x0000000711000000)
  object space 4982272K, 81% used [0x00000005b3000000,0x00000006abf8c318,0x00000006e3180000)
 Metaspace       used 264740K, capacity 273728K, committed 336240K, reserved 1341440K
  class space    used 32246K, capacity 34636K, committed 43696K, reserved 1048576K
Event: 693.216 GC heap after
Heap after GC invocations=135 (full 10):
 PSYoungGen      total 1911808K, used 295425K [0x0000000711000000, 0x00000007c0000000, 0x00000007c0000000)
  eden space 956416K, 0% used [0x0000000711000000,0x0000000711000000,0x000000074b600000)
  from space 955392K, 30% used [0x000000074b600000,0x000000075d680570,0x0000000785b00000)
  to   space 955392K, 0% used [0x0000000785b00000,0x0000000785b00000,0x00000007c0000000)
 ParOldGen       total 4982272K, used 4654611K [0x00000005b3000000, 0x00000006e3180000, 0x0000000711000000)
  object space 4982272K, 93% used [0x00000005b3000000,0x00000006cf184dc8,0x00000006e3180000)
 Metaspace       used 264740K, capacity 273728K, committed 336240K, reserved 1341440K
  class space    used 32246K, capacity 34636K, committed 43696K, reserved 1048576K
}
Event: 693.216 GC heap before
{Heap before GC invocations=136 (full 11):
 PSYoungGen      total 1911808K, used 295425K [0x0000000711000000, 0x00000007c0000000, 0x00000007c0000000)
  eden space 956416K, 0% used [0x0000000711000000,0x0000000711000000,0x000000074b600000)
  from space 955392K, 30% used [0x000000074b600000,0x000000075d680570,0x0000000785b00000)
  to   space 955392K, 0% used [0x0000000785b00000,0x0000000785b00000,0x00000007c0000000)
 ParOldGen       total 4982272K, used 4654611K [0x00000005b3000000, 0x00000006e3180000, 0x0000000711000000)
  object space 4982272K, 93% used [0x00000005b3000000,0x00000006cf184dc8,0x00000006e3180000)
 Metaspace       used 264740K, capacity 273728K, committed 336240K, reserved 1341440K
  class space    used 32246K, capacity 34636K, committed 43696K, reserved 1048576K

Deoptimization events (10 events):
Event: 640.532 Thread 0x00007f2a10009000 Uncommon trap: reason=unstable_if action=reinterpret pc=0x00007f2a0a0ff004 method=com.sonar.sslr.api.typed.Input.isNewLine([CI)Z @ 13
Event: 640.536 Thread 0x00007f2a10009000 Uncommon trap: reason=unstable_if action=reinterpret pc=0x00007f2a08dc0104 method=org.sonar.sslr.internal.matchers.ImmutableInputBuffer.isEndOfLine([CI)Z @ 13
Event: 640.549 Thread 0x00007f2a10009000 Uncommon trap: reason=speculate_class_check action=maybe_recompile pc=0x00007f2a0c25c150 method=org.sonar.java.resolve.JavaSymbol$TypeJavaSymbol.superClass()Lorg/sonar/plugins/java/api/semantic/Type; @ 1
Event: 640.691 Thread 0x00007f2a10009000 Uncommon trap: reason=speculate_class_check action=maybe_recompile pc=0x00007f2a0c63d6cc method=org.sonar.java.resolve.JavaSymbol$TypeJavaSymbol.superClass()Lorg/sonar/plugins/java/api/semantic/Type; @ 1
Event: 641.752 Thread 0x00007f2a10009000 Uncommon trap: reason=speculate_class_check action=maybe_recompile pc=0x00007f2a0c63d6cc method=org.sonar.java.resolve.JavaSymbol$TypeJavaSymbol.superClass()Lorg/sonar/plugins/java/api/semantic/Type; @ 1
Event: 645.076 Thread 0x00007f2a10009000 Uncommon trap: reason=unstable_if action=reinterpret pc=0x00007f2a0c590510 method=com.google.common.collect.HashBiMap.seekByKey(Ljava/lang/Object;I)Lcom/google/common/collect/HashBiMap$BiEntry; @ 32
Event: 645.465 Thread 0x00007f2a10009000 Uncommon trap: reason=unstable_if action=reinterpret pc=0x00007f2a0c97dbcc method=com.google.protobuf.CodedOutputStream.computeUInt32SizeNoTag(I)I @ 14
Event: 645.465 Thread 0x00007f2a10009000 Uncommon trap: reason=unstable_if action=reinterpret pc=0x00007f2a08dc3f28 method=com.google.protobuf.CodedOutputStream.computeUInt32SizeNoTag(I)I @ 14
Event: 645.465 Thread 0x00007f2a10009000 Uncommon trap: reason=unstable_if action=reinterpret pc=0x00007f2a0c0e3f94 method=com.google.protobuf.CodedOutputStream.computeUInt32SizeNoTag(I)I @ 14
Event: 645.465 Thread 0x00007f2a10009000 Uncommon trap: reason=unstable_if action=reinterpret pc=0x00007f2a0c645bfc method=com.google.protobuf.CodedOutputStream.computeUInt32SizeNoTag(I)I @ 14

Classes redefined (0 events):
No events

Internal exceptions (10 events):
Event: 632.099 Thread 0x00007f2a10009000 Exception <a 'java/lang/NoSuchMethodError': java.lang.Object.lambda$any$0(Ljava/util/List;)Z> (0x0000000766c82ba8) thrown at [/HUDSON/workspace/8-2-build-linux-amd64/jdk8u171/10807/hotspot/src/share/vm/interpreter/linkResolver.cpp, line 620]
Event: 632.102 Thread 0x00007f2a10009000 Exception <a 'java/lang/NoSuchMethodError': java.lang.Object.lambda$anyType$2(Lorg/sonar/plugins/java/api/semantic/Type;)Z> (0x0000000766cb6e80) thrown at [/HUDSON/workspace/8-2-build-linux-amd64/jdk8u171/10807/hotspot/src/share/vm/interpreter/linkResolve
Event: 632.102 Thread 0x00007f2a10009000 Exception <a 'java/lang/NoSuchMethodError': java.lang.Object.lambda$subtypeOf$0(Ljava/lang/String;Lorg/sonar/plugins/java/api/semantic/Type;)Z> (0x0000000766cba1f0) thrown at [/HUDSON/workspace/8-2-build-linux-amd64/jdk8u171/10807/hotspot/src/share/vm/int
Event: 632.112 Thread 0x00007f2a10009000 Exception <a 'java/lang/NoSuchMethodError': java.lang.Object.lambda$startsWith$2(Ljava/lang/String;Ljava/lang/String;)Z> (0x0000000766d395d0) thrown at [/HUDSON/workspace/8-2-build-linux-amd64/jdk8u171/10807/hotspot/src/share/vm/interpreter/linkResolver.c
Event: 632.410 Thread 0x00007f2a10009000 Implicit null exception at 0x00007f2a0bca1a64 to 0x00007f2a0bca1bbd
Event: 633.317 Thread 0x00007f2a10009000 Implicit null exception at 0x00007f2a0c0c5289 to 0x00007f2a0c0c5655
Event: 633.317 Thread 0x00007f2a10009000 Implicit null exception at 0x00007f2a0c0b62da to 0x00007f2a0c0b6671
Event: 633.421 Thread 0x00007f2a10009000 Implicit null exception at 0x00007f2a0c1d5fd3 to 0x00007f2a0c1d6149
Event: 633.930 Thread 0x00007f2a10009000 Implicit null exception at 0x00007f2a0c2a9ee2 to 0x00007f2a0c2a9f49
Event: 637.142 Thread 0x00007f2a10009000 Implicit null exception at 0x00007f2a0bf60f22 to 0x00007f2a0bf623d9

Events (10 events):
Event: 677.221 Executing VM operation: ParallelGCFailedAllocation done
Event: 678.430 Executing VM operation: ParallelGCFailedAllocation
Event: 678.791 Executing VM operation: ParallelGCFailedAllocation done
Event: 680.011 Executing VM operation: ParallelGCFailedAllocation
Event: 680.453 Executing VM operation: ParallelGCFailedAllocation done
Event: 681.675 Executing VM operation: ParallelGCFailedAllocation
Event: 689.536 Executing VM operation: ParallelGCFailedAllocation done
Event: 690.755 Executing VM operation: ParallelGCFailedAllocation
Event: 691.512 Executing VM operation: ParallelGCFailedAllocation done
Event: 692.730 Executing VM operation: ParallelGCFailedAllocation


Dynamic libraries:
00400000-00401000 r-xp 00000000 103:01 243269726                         /usr/java/jdk1.8.0_171-amd64/jre/bin/java
00600000-00601000 rw-p 00000000 103:01 243269726                         /usr/java/jdk1.8.0_171-amd64/jre/bin/java
0229b000-022bc000 rw-p 00000000 00:00 0                                  [heap]
5b3000000-6e3180000 rw-p 00000000 00:00 0 
711000000-7c0000000 rw-p 00000000 00:00 0 
7c0000000-7c2aac000 rw-p 00000000 00:00 0 
7c2aac000-800000000 ---p 00000000 00:00 0 
7f28ea400000-7f28ea5c0000 rw-p 00000000 00:00 0 
7f28ea5c0000-7f28ea600000 ---p 00000000 00:00 0 
7f28ea600000-7f28ea800000 rw-p 00000000 00:00 0 
7f28ea800000-7f28eaa00000 rw-p 00000000 00:00 0 
7f28eaa00000-7f28eac00000 rw-p 00000000 00:00 0 
7f28eac00000-7f28eae00000 rw-p 00000000 00:00 0 
7f28eae00000-7f28eb000000 rw-p 00000000 00:00 0 
7f28eb000000-7f28eb200000 rw-p 00000000 00:00 0 
7f28eb200000-7f28eb400000 rw-p 00000000 00:00 0 
7f28eb400000-7f28eb600000 rw-p 00000000 00:00 0 
7f28eb600000-7f28eb800000 rw-p 00000000 00:00 0 
7f28eb800000-7f28eba00000 rw-p 00000000 00:00 0 
7f28eba00000-7f28ebc00000 rw-p 00000000 00:00 0 
7f28ebc00000-7f28ebe00000 rw-p 00000000 00:00 0 
7f28ebe00000-7f28ec000000 rw-p 00000000 00:00 0 
7f28ec000000-7f28ec021000 rw-p 00000000 00:00 0 
7f28ec021000-7f28f0000000 ---p 00000000 00:00 0 
7f28f00ff000-7f28f02ff000 rw-p 00000000 00:00 0 
7f28f04ff000-7f28f06ff000 rw-p 00000000 00:00 0 
7f28f06ff000-7f28f08ff000 rw-p 00000000 00:00 0 
7f28f08ff000-7f28f0aff000 rw-p 00000000 00:00 0 
7f28f0aff000-7f28f0cff000 rw-p 00000000 00:00 0 
7f28f0cff000-7f28f0eff000 rw-p 00000000 00:00 0 
7f28f0eff000-7f28f10ff000 rw-p 00000000 00:00 0 
7f28f10ff000-7f28f12ff000 rw-p 00000000 00:00 0 
7f28f12ff000-7f28f14ff000 rw-p 00000000 00:00 0 
7f28f14ff000-7f28f16ff000 rw-p 00000000 00:00 0 
7f28f16ff000-7f28f18ff000 rw-p 00000000 00:00 0 
7f28f18ff000-7f28f1aff000 rw-p 00000000 00:00 0 
7f28f1aff000-7f28f1cff000 rw-p 00000000 00:00 0 
7f28f1eff000-7f28f20ff000 rw-p 00000000 00:00 0 
7f28f20ff000-7f28f22ff000 rw-p 00000000 00:00 0 
7f28f22ff000-7f28f24ff000 rw-p 00000000 00:00 0 
7f28f24ff000-7f28f26ff000 rw-p 00000000 00:00 0 
7f28f26ff000-7f28f28ff000 rw-p 00000000 00:00 0 
7f28f28ff000-7f28f2aff000 rw-p 00000000 00:00 0 
7f28f2aff000-7f28f2b02000 ---p 00000000 00:00 0 
7f28f2b02000-7f28f2e00000 rw-p 00000000 00:00 0 
7f28f2e00000-7f28f3000000 rw-p 00000000 00:00 0 
7f28f3000000-7f28f3200000 rw-p 00000000 00:00 0 
7f28f3200000-7f28f3400000 rw-p 00000000 00:00 0 
7f28f3400000-7f28f3600000 rw-p 00000000 00:00 0 
7f28f3600000-7f28f3800000 rw-p 00000000 00:00 0 
7f28f3800000-7f28f3a00000 rw-p 00000000 00:00 0 
7f28f3a00000-7f28f3c00000 rw-p 00000000 00:00 0 
7f28f3c00000-7f28f3e00000 rw-p 00000000 00:00 0 
7f28f3e00000-7f28f4000000 rw-p 00000000 00:00 0 
7f28f4000000-7f28f4021000 rw-p 00000000 00:00 0 
7f28f4021000-7f28f8000000 ---p 00000000 00:00 0 
7f28f8000000-7f28f8021000 rw-p 00000000 00:00 0 
7f28f8021000-7f28fc000000 ---p 00000000 00:00 0 
7f28fc000000-7f28fc021000 rw-p 00000000 00:00 0 
7f28fc021000-7f2900000000 ---p 00000000 00:00 0 
7f2900000000-7f2900021000 rw-p 00000000 00:00 0 
7f2900021000-7f2904000000 ---p 00000000 00:00 0 
7f2904000000-7f2904021000 rw-p 00000000 00:00 0 
7f2904021000-7f2908000000 ---p 00000000 00:00 0 
7f29080fb000-7f29082fb000 rw-p 00000000 00:00 0 
7f29082fb000-7f29084fb000 rw-p 00000000 00:00 0 
7f29084fb000-7f29086fb000 rw-p 00000000 00:00 0 
7f29086fb000-7f29088fb000 rw-p 00000000 00:00 0 
7f29088fb000-7f29088fe000 ---p 00000000 00:00 0 
7f29088fe000-7f29089fc000 rw-p 00000000 00:00 0 
7f29089fc000-7f29089ff000 ---p 00000000 00:00 0 
7f29089ff000-7f2908afd000 rw-p 00000000 00:00 0 
7f2908afd000-7f2908b00000 ---p 00000000 00:00 0 
7f2908b00000-7f2908dfe000 rw-p 00000000 00:00 0 
7f2908dfe000-7f2908ffe000 rw-p 00000000 00:00 0 
7f2908ffe000-7f29091fe000 rw-p 00000000 00:00 0 
7f29091fe000-7f29093fe000 rw-p 00000000 00:00 0 
7f29093fe000-7f29095fe000 rw-p 00000000 00:00 0 
7f29095fe000-7f29097fe000 rw-p 00000000 00:00 0 
7f29097fe000-7f29099fe000 rw-p 00000000 00:00 0 
7f29099fe000-7f2909bfe000 rw-p 00000000 00:00 0 
7f2909bfe000-7f2909dfe000 rw-p 00000000 00:00 0 
7f2909dfe000-7f2909ffe000 rw-p 00000000 00:00 0 
7f2909ffe000-7f290a1fe000 rw-p 00000000 00:00 0 
7f290a1fe000-7f290a3fe000 rw-p 00000000 00:00 0 
7f290a3fe000-7f290a5fe000 rw-p 00000000 00:00 0 
7f290a5fe000-7f290a7fe000 rw-p 00000000 00:00 0 
7f290a7fe000-7f290a801000 ---p 00000000 00:00 0 
7f290a801000-7f290a8ff000 rw-p 00000000 00:00 0 
7f290a8ff000-7f290a902000 ---p 00000000 00:00 0 
7f290a902000-7f290ac00000 rw-p 00000000 00:00 0 
7f290ac00000-7f290ae00000 rw-p 00000000 00:00 0 
7f290ae00000-7f290b000000 rw-p 00000000 00:00 0 
7f290b000000-7f290b200000 rw-p 00000000 00:00 0 
7f290b200000-7f290b400000 rw-p 00000000 00:00 0 
7f290b400000-7f290b600000 rw-p 00000000 00:00 0 
7f290b600000-7f290b800000 rw-p 00000000 00:00 0 
7f290b800000-7f290ba00000 rw-p 00000000 00:00 0 
7f290ba00000-7f290bc00000 rw-p 00000000 00:00 0 
7f290bc00000-7f290be00000 rw-p 00000000 00:00 0 
7f290be00000-7f290c000000 rw-p 00000000 00:00 0 
7f290c000000-7f290c021000 rw-p 00000000 00:00 0 
7f290c021000-7f2910000000 ---p 00000000 00:00 0 
7f2910000000-7f2910021000 rw-p 00000000 00:00 0 
7f2910021000-7f2914000000 ---p 00000000 00:00 0 
7f2914000000-7f2914021000 rw-p 00000000 00:00 0 
7f2914021000-7f2918000000 ---p 00000000 00:00 0 
7f2918000000-7f2918038000 rw-p 00000000 00:00 0 
7f2918038000-7f291c000000 ---p 00000000 00:00 0 
7f291c000000-7f291c021000 rw-p 00000000 00:00 0 
7f291c021000-7f2920000000 ---p 00000000 00:00 0 
7f2920000000-7f2920021000 rw-p 00000000 00:00 0 
7f2920021000-7f2924000000 ---p 00000000 00:00 0 
7f2924000000-7f2924021000 rw-p 00000000 00:00 0 
7f2924021000-7f2928000000 ---p 00000000 00:00 0 
7f2928000000-7f2928021000 rw-p 00000000 00:00 0 
7f2928021000-7f292c000000 ---p 00000000 00:00 0 
7f292c000000-7f292c021000 rw-p 00000000 00:00 0 
7f292c021000-7f2930000000 ---p 00000000 00:00 0 
7f2930000000-7f2930021000 rw-p 00000000 00:00 0 
7f2930021000-7f2934000000 ---p 00000000 00:00 0 
7f29340f7000-7f29340fa000 ---p 00000000 00:00 0 
7f29340fa000-7f29343f8000 rw-p 00000000 00:00 0 
7f29343f8000-7f29343fb000 ---p 00000000 00:00 0 
7f29343fb000-7f29344f9000 rw-p 00000000 00:00 0 
7f29344f9000-7f29344fc000 ---p 00000000 00:00 0 
7f29344fc000-7f29345fa000 rw-p 00000000 00:00 0 
7f29345fa000-7f29345fd000 ---p 00000000 00:00 0 
7f29345fd000-7f29348ed000 rw-p 00000000 00:00 0 
7f29348ed000-7f29348fb000 ---p 00000000 00:00 0 
7f29348fb000-7f2934afb000 rw-p 00000000 00:00 0 
7f2934afb000-7f2934cfb000 rw-p 00000000 00:00 0 
7f2934cfb000-7f2934efb000 rw-p 00000000 00:00 0 
7f2934efb000-7f29350fb000 rw-p 00000000 00:00 0 
7f29350fb000-7f29352fb000 rw-p 00000000 00:00 0 
7f29352fb000-7f29354fb000 rw-p 00000000 00:00 0 
7f29354fb000-7f29356fb000 rw-p 00000000 00:00 0 
7f29356fb000-7f29358fb000 rw-p 00000000 00:00 0 
7f29358fb000-7f29358fe000 ---p 00000000 00:00 0 
7f29358fe000-7f29359fc000 rw-p 00000000 00:00 0 
7f29359fc000-7f29359ff000 ---p 00000000 00:00 0 
7f29359ff000-7f2935afd000 rw-p 00000000 00:00 0 
7f2935afd000-7f2935b00000 ---p 00000000 00:00 0 
7f2935b00000-7f2935dfe000 rw-p 00000000 00:00 0 
7f2935dfe000-7f2935ffe000 rw-p 00000000 00:00 0 
7f2935ffe000-7f29361fe000 rw-p 00000000 00:00 0 
7f29361fe000-7f29363fe000 rw-p 00000000 00:00 0 
7f29363fe000-7f29365fe000 rw-p 00000000 00:00 0 
7f29365fe000-7f29367fe000 rw-p 00000000 00:00 0 
7f29367fe000-7f29369fe000 rw-p 00000000 00:00 0 
7f29369fe000-7f2936bfe000 rw-p 00000000 00:00 0 
7f2936bfe000-7f2936dfe000 rw-p 00000000 00:00 0 
7f2936dfe000-7f2936ffe000 rw-p 00000000 00:00 0 
7f2936ffe000-7f29371fe000 rw-p 00000000 00:00 0 
7f29371fe000-7f29373fe000 rw-p 00000000 00:00 0 
7f29373fe000-7f29375fe000 rw-p 00000000 00:00 0 
7f29375fe000-7f2937601000 ---p 00000000 00:00 0 
7f2937601000-7f29376ff000 rw-p 00000000 00:00 0 
7f29376ff000-7f2937702000 ---p 00000000 00:00 0 
7f2937702000-7f2937a00000 rw-p 00000000 00:00 0 
7f2937a00000-7f2937c00000 rw-p 00000000 00:00 0 
7f2937c00000-7f2937e00000 rw-p 00000000 00:00 0 
7f2937e00000-7f2938000000 rw-p 00000000 00:00 0 
7f2938000000-7f2938021000 rw-p 00000000 00:00 0 
7f2938021000-7f293c000000 ---p 00000000 00:00 0 
7f293c000000-7f293c021000 rw-p 00000000 00:00 0 
7f293c021000-7f2940000000 ---p 00000000 00:00 0 
7f2940000000-7f2940021000 rw-p 00000000 00:00 0 
7f2940021000-7f2944000000 ---p 00000000 00:00 0 
7f2944000000-7f2944021000 rw-p 00000000 00:00 0 
7f2944021000-7f2948000000 ---p 00000000 00:00 0 
7f2948000000-7f2948021000 rw-p 00000000 00:00 0 
7f2948021000-7f294c000000 ---p 00000000 00:00 0 
7f294c000000-7f294c021000 rw-p 00000000 00:00 0 
7f294c021000-7f2950000000 ---p 00000000 00:00 0 
7f2950000000-7f2950021000 rw-p 00000000 00:00 0 
7f2950021000-7f2954000000 ---p 00000000 00:00 0 
7f2954000000-7f2954021000 rw-p 00000000 00:00 0 
7f2954021000-7f2958000000 ---p 00000000 00:00 0 
7f2958000000-7f2958021000 rw-p 00000000 00:00 0 
7f2958021000-7f295c000000 ---p 00000000 00:00 0 
7f295c000000-7f295c021000 rw-p 00000000 00:00 0 
7f295c021000-7f2960000000 ---p 00000000 00:00 0 
7f2960000000-7f2960021000 rw-p 00000000 00:00 0 
7f2960021000-7f2964000000 ---p 00000000 00:00 0 
7f2964000000-7f2964021000 rw-p 00000000 00:00 0 
7f2964021000-7f2968000000 ---p 00000000 00:00 0 
7f2968000000-7f2968021000 rw-p 00000000 00:00 0 
7f2968021000-7f296c000000 ---p 00000000 00:00 0 
7f296c000000-7f296c021000 rw-p 00000000 00:00 0 
7f296c021000-7f2970000000 ---p 00000000 00:00 0 
7f2970000000-7f2970021000 rw-p 00000000 00:00 0 
7f2970021000-7f2974000000 ---p 00000000 00:00 0 
7f2974000000-7f2974021000 rw-p 00000000 00:00 0 
7f2974021000-7f2978000000 ---p 00000000 00:00 0 
7f2978000000-7f2978021000 rw-p 00000000 00:00 0 
7f2978021000-7f297c000000 ---p 00000000 00:00 0 
7f297c072000-7f297c075000 ---p 00000000 00:00 0 
7f297c075000-7f297c373000 rw-p 00000000 00:00 0 
7f297c373000-7f297c573000 rw-p 00000000 00:00 0 
7f297c573000-7f297c773000 rw-p 00000000 00:00 0 
7f297c773000-7f297c973000 rw-p 00000000 00:00 0 
7f297c973000-7f297cb73000 rw-p 00000000 00:00 0 
7f297cb73000-7f297cd73000 rw-p 00000000 00:00 0 
7f297cd73000-7f297cf73000 rw-p 00000000 00:00 0 
7f297cf73000-7f297d173000 rw-p 00000000 00:00 0 
7f297d173000-7f297d373000 rw-p 00000000 00:00 0 
7f297d373000-7f297d573000 rw-p 00000000 00:00 0 
7f297d573000-7f297d576000 ---p 00000000 00:00 0 
7f297d576000-7f297d674000 rw-p 00000000 00:00 0 
7f297d674000-7f297d677000 ---p 00000000 00:00 0 
7f297d677000-7f297d775000 rw-p 00000000 00:00 0 
7f297d775000-7f297d778000 ---p 00000000 00:00 0 
7f297d778000-7f297d876000 rw-p 00000000 00:00 0 
7f297d876000-7f297d879000 ---p 00000000 00:00 0 
7f297d879000-7f297d977000 rw-p 00000000 00:00 0 
7f297d977000-7f297d97a000 ---p 00000000 00:00 0 
7f297d97a000-7f297da78000 rw-p 00000000 00:00 0 
7f297da78000-7f297da7b000 ---p 00000000 00:00 0 
7f297da7b000-7f297db79000 rw-p 00000000 00:00 0 
7f297db79000-7f297db7c000 ---p 00000000 00:00 0 
7f297db7c000-7f297dc7a000 rw-p 00000000 00:00 0 
7f297dc7a000-7f297dc7d000 ---p 00000000 00:00 0 
7f297dc7d000-7f297df7b000 rw-p 00000000 00:00 0 
7f297df7b000-7f297e17b000 rw-p 00000000 00:00 0 
7f297e17b000-7f297e37b000 rw-p 00000000 00:00 0 
7f297e37b000-7f297e37e000 ---p 00000000 00:00 0 
7f297e37e000-7f297e47c000 rw-p 00000000 00:00 0 
7f297e47c000-7f297e47f000 ---p 00000000 00:00 0 
7f297e47f000-7f297e57d000 rw-p 00000000 00:00 0 
7f297e57d000-7f297e580000 ---p 00000000 00:00 0 
7f297e580000-7f297e67e000 rw-p 00000000 00:00 0 
7f297e67e000-7f297e681000 ---p 00000000 00:00 0 
7f297e681000-7f297e77f000 rw-p 00000000 00:00 0 
7f297e77f000-7f297e782000 ---p 00000000 00:00 0 
7f297e782000-7f297e880000 rw-p 00000000 00:00 0 
7f297e880000-7f297e883000 ---p 00000000 00:00 0 
7f297e883000-7f297eb81000 rw-p 00000000 00:00 0 
7f297eb81000-7f297eb84000 ---p 00000000 00:00 0 
7f297eb84000-7f297ec82000 rw-p 00000000 00:00 0 
7f297ec82000-7f297ec85000 ---p 00000000 00:00 0 
7f297ec85000-7f297ed83000 rw-p 00000000 00:00 0 
7f297ed83000-7f297ed86000 ---p 00000000 00:00 0 
7f297ed86000-7f297f084000 rw-p 00000000 00:00 0 
7f297f084000-7f297f284000 rw-p 00000000 00:00 0 
7f297f284000-7f297f3a3000 r--s 01709000 103:01 100664294                 /home/centos/.sonar/cache/3e26d9ec2d452f29e27358939e592296/sonar-scanner-engine-shaded-7.1-all.jar
7f297f3a3000-7f297f5a3000 rw-p 00000000 00:00 0 
7f297f5a3000-7f297f5b8000 r-xp 00000000 103:01 115                       /usr/lib64/libgcc_s-4.8.5-20150702.so.1
7f297f5b8000-7f297f7b7000 ---p 00015000 103:01 115                       /usr/lib64/libgcc_s-4.8.5-20150702.so.1
7f297f7b7000-7f297f7b8000 r--p 00014000 103:01 115                       /usr/lib64/libgcc_s-4.8.5-20150702.so.1
7f297f7b8000-7f297f7b9000 rw-p 00015000 103:01 115                       /usr/lib64/libgcc_s-4.8.5-20150702.so.1
7f297f7b9000-7f297f7eb000 r-xp 00000000 103:01 255214921                 /usr/java/jdk1.8.0_171-amd64/jre/lib/amd64/libsunec.so
7f297f7eb000-7f297f9ea000 ---p 00032000 103:01 255214921                 /usr/java/jdk1.8.0_171-amd64/jre/lib/amd64/libsunec.so
7f297f9ea000-7f297f9f0000 rw-p 00031000 103:01 255214921                 /usr/java/jdk1.8.0_171-amd64/jre/lib/amd64/libsunec.so
7f297f9f0000-7f297fc00000 rw-p 00000000 00:00 0 
7f297fc00000-7f297fe00000 rw-p 00000000 00:00 0 
7f297fe00000-7f2980000000 rw-p 00000000 00:00 0 
7f2980000000-7f298028f000 rw-p 00000000 00:00 0 
7f298028f000-7f2984000000 ---p 00000000 00:00 0 
7f2984000000-7f29866a5000 rw-p 00000000 00:00 0 
7f29866a5000-7f2988000000 ---p 00000000 00:00 0 
7f2988000000-7f2988021000 rw-p 00000000 00:00 0 
7f2988021000-7f298c000000 ---p 00000000 00:00 0 
7f298c000000-7f298c021000 rw-p 00000000 00:00 0 
7f298c021000-7f2990000000 ---p 00000000 00:00 0 
7f2990000000-7f29914bb000 rw-p 00000000 00:00 0 
7f29914bb000-7f2994000000 ---p 00000000 00:00 0 
7f2994000000-7f2994f9b000 rw-p 00000000 00:00 0 
7f2994f9b000-7f2998000000 ---p 00000000 00:00 0 
7f2998000000-7f2998021000 rw-p 00000000 00:00 0 
7f2998021000-7f299c000000 ---p 00000000 00:00 0 
7f299c000000-7f299c021000 rw-p 00000000 00:00 0 
7f299c021000-7f29a0000000 ---p 00000000 00:00 0 
7f29a0000000-7f29a300e000 rw-p 00000000 00:00 0 
7f29a300e000-7f29a4000000 ---p 00000000 00:00 0 
7f29a4000000-7f29a6991000 rw-p 00000000 00:00 0 
7f29a6991000-7f29a8000000 ---p 00000000 00:00 0 
7f29a8000000-7f29ab142000 rw-p 00000000 00:00 0 
7f29ab142000-7f29ac000000 ---p 00000000 00:00 0 
7f29ac000000-7f29afe5b000 rw-p 00000000 00:00 0 
7f29afe5b000-7f29b0000000 ---p 00000000 00:00 0 
7f29b0000000-7f29b0021000 rw-p 00000000 00:00 0 
7f29b0021000-7f29b4000000 ---p 00000000 00:00 0 
7f29b4028000-7f29b40aa000 r--s 00603000 103:01 100664299                 /home/centos/.sonar/cache/200ffb85d4886851d4107980fac80061/sonar-java-plugin-5.2.0.13398.jar
7f29b40aa000-7f29b42aa000 rw-p 00000000 00:00 0 
7f29b42aa000-7f29b44aa000 rw-p 00000000 00:00 0 
7f29b44aa000-7f29b46aa000 rw-p 00000000 00:00 0 
7f29b46aa000-7f29b48aa000 rw-p 00000000 00:00 0 
7f29b48aa000-7f29b4aaa000 rw-p 00000000 00:00 0 
7f29b4aaa000-7f29b4caa000 rw-p 00000000 00:00 0 
7f29b4caa000-7f29b4cad000 ---p 00000000 00:00 0 
7f29b4cad000-7f29b4dab000 rw-p 00000000 00:00 0 
7f29b4dab000-7f29b4dae000 ---p 00000000 00:00 0 
7f29b4dae000-7f29b50ac000 rw-p 00000000 00:00 0 
7f29b50ac000-7f29b52ac000 rw-p 00000000 00:00 0 
7f29b52ac000-7f29b54ac000 rw-p 00000000 00:00 0 
7f29b54ac000-7f29b56aa000 rw-p 00000000 00:00 0 
7f29b56aa000-7f29b56ac000 ---p 00000000 00:00 0 
7f29b56ac000-7f29b58ac000 rw-p 00000000 00:00 0 
7f29b58d7000-7f29b5ad7000 rw-p 00000000 00:00 0 
7f29b5ad7000-7f29bc000000 r--p 00000000 103:01 94906                     /usr/lib/locale/locale-archive
7f29bc000000-7f29bc021000 rw-p 00000000 00:00 0 
7f29bc021000-7f29c0000000 ---p 00000000 00:00 0 
7f29c0000000-7f29c0021000 rw-p 00000000 00:00 0 
7f29c0021000-7f29c4000000 ---p 00000000 00:00 0 
7f29c4000000-7f29c46f1000 rw-p 00000000 00:00 0 
7f29c46f1000-7f29c8000000 ---p 00000000 00:00 0 
7f29c8012000-7f29c8015000 ---p 00000000 00:00 0 
7f29c8015000-7f29c8313000 rw-p 00000000 00:00 0 
7f29c8313000-7f29c8324000 r-xp 00000000 103:01 255214881                 /usr/java/jdk1.8.0_171-amd64/jre/lib/amd64/libnio.so
7f29c8324000-7f29c8523000 ---p 00011000 103:01 255214881                 /usr/java/jdk1.8.0_171-amd64/jre/lib/amd64/libnio.so
7f29c8523000-7f29c8524000 rw-p 00010000 103:01 255214881                 /usr/java/jdk1.8.0_171-amd64/jre/lib/amd64/libnio.so
7f29c8524000-7f29c8724000 rw-p 00000000 00:00 0 
7f29c8724000-7f29c8924000 rw-p 00000000 00:00 0 
7f29c8924000-7f29c8927000 ---p 00000000 00:00 0 
7f29c8927000-7f29c8c25000 rw-p 00000000 00:00 0 
7f29c8c25000-7f29c8e25000 rw-p 00000000 00:00 0 
7f29c8e25000-7f29c9025000 rw-p 00000000 00:00 0 
7f29c9025000-7f29c903b000 r-xp 00000000 103:01 94874                     /usr/lib64/libresolv-2.17.so
7f29c903b000-7f29c923a000 ---p 00016000 103:01 94874                     /usr/lib64/libresolv-2.17.so
7f29c923a000-7f29c923b000 r--p 00015000 103:01 94874                     /usr/lib64/libresolv-2.17.so
7f29c923b000-7f29c923c000 rw-p 00016000 103:01 94874                     /usr/lib64/libresolv-2.17.so
7f29c923c000-7f29c923e000 rw-p 00000000 00:00 0 
7f29c923e000-7f29c9243000 r-xp 00000000 103:01 94862                     /usr/lib64/libnss_dns-2.17.so
7f29c9243000-7f29c9443000 ---p 00005000 103:01 94862                     /usr/lib64/libnss_dns-2.17.so
7f29c9443000-7f29c9444000 r--p 00005000 103:01 94862                     /usr/lib64/libnss_dns-2.17.so
7f29c9444000-7f29c9445000 rw-p 00006000 103:01 94862                     /usr/lib64/libnss_dns-2.17.so
7f29c9445000-7f29c9746000 rw-p 00000000 00:00 0 
7f29c9746000-7f29c975c000 r-xp 00000000 103:01 255214880                 /usr/java/jdk1.8.0_171-amd64/jre/lib/amd64/libnet.so
7f29c975c000-7f29c995c000 ---p 00016000 103:01 255214880                 /usr/java/jdk1.8.0_171-amd64/jre/lib/amd64/libnet.so
7f29c995c000-7f29c995d000 rw-p 00016000 103:01 255214880                 /usr/java/jdk1.8.0_171-amd64/jre/lib/amd64/libnet.so
7f29c995d000-7f29c9966000 r-xp 00000000 103:01 255215998                 /usr/java/jdk1.8.0_171-amd64/jre/lib/amd64/libmanagement.so
7f29c9966000-7f29c9b65000 ---p 00009000 103:01 255215998                 /usr/java/jdk1.8.0_171-amd64/jre/lib/amd64/libmanagement.so
7f29c9b65000-7f29c9b66000 rw-p 00008000 103:01 255215998                 /usr/java/jdk1.8.0_171-amd64/jre/lib/amd64/libmanagement.so
7f29c9b66000-7f29c9d66000 rw-p 00000000 00:00 0 
7f29c9d66000-7f29c9f66000 rw-p 00000000 00:00 0 
7f29c9f66000-7f29c9f69000 ---p 00000000 00:00 0 
7f29c9f69000-7f29ca067000 rw-p 00000000 00:00 0 
7f29ca067000-7f29ca068000 ---p 00000000 00:00 0 
7f29ca068000-7f29ca168000 rw-p 00000000 00:00 0 
7f29ca168000-7f29ca16b000 ---p 00000000 00:00 0 
7f29ca16b000-7f29ca269000 rw-p 00000000 00:00 0 
7f29ca269000-7f29ca26d000 ---p 00000000 00:00 0 
7f29ca26d000-7f29ca36a000 rw-p 00000000 00:00 0 
7f29ca36a000-7f29ca36e000 ---p 00000000 00:00 0 
7f29ca36e000-7f29ca46b000 rw-p 00000000 00:00 0 
7f29ca46b000-7f29ca46f000 ---p 00000000 00:00 0 
7f29ca46f000-7f29ca56c000 rw-p 00000000 00:00 0 
7f29ca56c000-7f29ca570000 ---p 00000000 00:00 0 
7f29ca570000-7f29ca66d000 rw-p 00000000 00:00 0 
7f29ca66d000-7f29ca670000 ---p 00000000 00:00 0 
7f29ca670000-7f29ca76e000 rw-p 00000000 00:00 0 
7f29ca76e000-7f29ca771000 ---p 00000000 00:00 0 
7f29ca771000-7f29ca86f000 rw-p 00000000 00:00 0 
7f29ca86f000-7f29ca872000 ---p 00000000 00:00 0 
7f29ca872000-7f29ca970000 rw-p 00000000 00:00 0 
7f29ca970000-7f29ca971000 ---p 00000000 00:00 0 
7f29ca971000-7f29dc000000 rw-p 00000000 00:00 0 
7f29dc000000-7f29dc021000 rw-p 00000000 00:00 0 
7f29dc021000-7f29e0000000 ---p 00000000 00:00 0 
7f29e0000000-7f29e0035000 rw-p 00000000 00:00 0 
7f29e0035000-7f29e4000000 ---p 00000000 00:00 0 
7f29e4000000-7f29e4021000 rw-p 00000000 00:00 0 
7f29e4021000-7f29e8000000 ---p 00000000 00:00 0 
7f29e8000000-7f29e8021000 rw-p 00000000 00:00 0 
7f29e8021000-7f29ec000000 ---p 00000000 00:00 0 
7f29ec000000-7f29ec021000 rw-p 00000000 00:00 0 
7f29ec021000-7f29f0000000 ---p 00000000 00:00 0 
7f29f0000000-7f29f003f000 rw-p 00000000 00:00 0 
7f29f003f000-7f29f4000000 ---p 00000000 00:00 0 
7f29f4000000-7f29f4021000 rw-p 00000000 00:00 0 
7f29f4021000-7f29f8000000 ---p 00000000 00:00 0 
7f29f8000000-7f29f8021000 rw-p 00000000 00:00 0 
7f29f8021000-7f29fc000000 ---p 00000000 00:00 0 
7f29fc031000-7f29fc034000 ---p 00000000 00:00 0 
7f29fc034000-7f29fc06a000 rw-p 00000000 00:00 0 
7f29fc06a000-7f29fc100000 r--s 007be000 103:01 415236206                 /usr/java/jdk1.8.0_171-amd64/jre/lib/ext/jfxrt.jar
7f29fc100000-7f29fcd0c000 rw-p 00000000 00:00 0 
7f29fcd0c000-7f29fcee6000 r--s 03d20000 103:01 247469750                 /usr/java/jdk1.8.0_171-amd64/jre/lib/rt.jar
7f29fcee6000-7f29fe7c4000 rw-p 00000000 00:00 0 
7f29fe7c4000-7f29fe7c5000 ---p 00000000 00:00 0 
7f29fe7c5000-7f29fe8c5000 rw-p 00000000 00:00 0 
7f29fe8c5000-7f29fe8c6000 ---p 00000000 00:00 0 
7f29fe8c6000-7f29fe9c6000 rw-p 00000000 00:00 0 
7f29fe9c6000-7f29fe9c7000 ---p 00000000 00:00 0 
7f29fe9c7000-7f29feac7000 rw-p 00000000 00:00 0 
7f29feac7000-7f29feac8000 ---p 00000000 00:00 0 
7f29feac8000-7f29febc8000 rw-p 00000000 00:00 0 
7f29febc8000-7f29febc9000 ---p 00000000 00:00 0 
7f29febc9000-7f29fecc9000 rw-p 00000000 00:00 0 
7f29fecc9000-7f29fecca000 ---p 00000000 00:00 0 
7f29fecca000-7f29fedca000 rw-p 00000000 00:00 0 
7f29fedca000-7f29fedcb000 ---p 00000000 00:00 0 
7f29fedcb000-7f29ff84c000 rw-p 00000000 00:00 0 
7f29ff84c000-7f29ff9bb000 ---p 00000000 00:00 0 
7f29ff9bb000-7f2a0033c000 rw-p 00000000 00:00 0 
7f2a0033c000-7f2a004ab000 ---p 00000000 00:00 0 
7f2a004ab000-7f2a00a23000 rw-p 00000000 00:00 0 
7f2a00a23000-7f2a00d15000 rw-p 00000000 00:00 0 
7f2a00d15000-7f2a00de4000 ---p 00000000 00:00 0 
7f2a00de4000-7f2a0ca14000 rwxp 00000000 00:00 0 
7f2a0ca14000-7f2a0fde4000 ---p 00000000 00:00 0 
7f2a0fde4000-7f2a0fdff000 r-xp 00000000 103:01 255208856                 /usr/java/jdk1.8.0_171-amd64/jre/lib/amd64/libzip.so
7f2a0fdff000-7f2a0ffff000 ---p 0001b000 103:01 255208856                 /usr/java/jdk1.8.0_171-amd64/jre/lib/amd64/libzip.so
7f2a0ffff000-7f2a10000000 rw-p 0001b000 103:01 255208856                 /usr/java/jdk1.8.0_171-amd64/jre/lib/amd64/libzip.so
7f2a10000000-7f2a13ffa000 rw-p 00000000 00:00 0 
7f2a13ffa000-7f2a14000000 ---p 00000000 00:00 0 
7f2a1400c000-7f2a140b6000 rw-p 00000000 00:00 0 
7f2a140b6000-7f2a140b7000 ---p 00000000 00:00 0 
7f2a140b7000-7f2a141b7000 rw-p 00000000 00:00 0 
7f2a141b7000-7f2a141c3000 r-xp 00000000 103:01 94864                     /usr/lib64/libnss_files-2.17.so
7f2a141c3000-7f2a143c2000 ---p 0000c000 103:01 94864                     /usr/lib64/libnss_files-2.17.so
7f2a143c2000-7f2a143c3000 r--p 0000b000 103:01 94864                     /usr/lib64/libnss_files-2.17.so
7f2a143c3000-7f2a143c4000 rw-p 0000c000 103:01 94864                     /usr/lib64/libnss_files-2.17.so
7f2a143c4000-7f2a143ca000 rw-p 00000000 00:00 0 
7f2a143ca000-7f2a143f5000 r-xp 00000000 103:01 255215979                 /usr/java/jdk1.8.0_171-amd64/jre/lib/amd64/libjava.so
7f2a143f5000-7f2a145f4000 ---p 0002b000 103:01 255215979                 /usr/java/jdk1.8.0_171-amd64/jre/lib/amd64/libjava.so
7f2a145f4000-7f2a145f6000 rw-p 0002a000 103:01 255215979                 /usr/java/jdk1.8.0_171-amd64/jre/lib/amd64/libjava.so
7f2a145f6000-7f2a14603000 r-xp 00000000 103:01 255208855                 /usr/java/jdk1.8.0_171-amd64/jre/lib/amd64/libverify.so
7f2a14603000-7f2a14803000 ---p 0000d000 103:01 255208855                 /usr/java/jdk1.8.0_171-amd64/jre/lib/amd64/libverify.so
7f2a14803000-7f2a14805000 rw-p 0000d000 103:01 255208855                 /usr/java/jdk1.8.0_171-amd64/jre/lib/amd64/libverify.so
7f2a14805000-7f2a1480c000 r-xp 00000000 103:01 94876                     /usr/lib64/librt-2.17.so
7f2a1480c000-7f2a14a0b000 ---p 00007000 103:01 94876                     /usr/lib64/librt-2.17.so
7f2a14a0b000-7f2a14a0c000 r--p 00006000 103:01 94876                     /usr/lib64/librt-2.17.so
7f2a14a0c000-7f2a14a0d000 rw-p 00007000 103:01 94876                     /usr/lib64/librt-2.17.so
7f2a14a0d000-7f2a14b0e000 r-xp 00000000 103:01 94854                     /usr/lib64/libm-2.17.so
7f2a14b0e000-7f2a14d0d000 ---p 00101000 103:01 94854                     /usr/lib64/libm-2.17.so
7f2a14d0d000-7f2a14d0e000 r--p 00100000 103:01 94854                     /usr/lib64/libm-2.17.so
7f2a14d0e000-7f2a14d0f000 rw-p 00101000 103:01 94854                     /usr/lib64/libm-2.17.so
7f2a14d0f000-7f2a159e8000 r-xp 00000000 103:01 261657148                 /usr/java/jdk1.8.0_171-amd64/jre/lib/amd64/server/libjvm.so
7f2a159e8000-7f2a15be7000 ---p 00cd9000 103:01 261657148                 /usr/java/jdk1.8.0_171-amd64/jre/lib/amd64/server/libjvm.so
7f2a15be7000-7f2a15cc1000 rw-p 00cd8000 103:01 261657148                 /usr/java/jdk1.8.0_171-amd64/jre/lib/amd64/server/libjvm.so
7f2a15cc1000-7f2a15d0c000 rw-p 00000000 00:00 0 
7f2a15d0c000-7f2a15ecf000 r-xp 00000000 103:01 87710                     /usr/lib64/libc-2.17.so
7f2a15ecf000-7f2a160ce000 ---p 001c3000 103:01 87710                     /usr/lib64/libc-2.17.so
7f2a160ce000-7f2a160d2000 r--p 001c2000 103:01 87710                     /usr/lib64/libc-2.17.so
7f2a160d2000-7f2a160d4000 rw-p 001c6000 103:01 87710                     /usr/lib64/libc-2.17.so
7f2a160d4000-7f2a160d9000 rw-p 00000000 00:00 0 
7f2a160d9000-7f2a160db000 r-xp 00000000 103:01 94852                     /usr/lib64/libdl-2.17.so
7f2a160db000-7f2a162db000 ---p 00002000 103:01 94852                     /usr/lib64/libdl-2.17.so
7f2a162db000-7f2a162dc000 r--p 00002000 103:01 94852                     /usr/lib64/libdl-2.17.so
7f2a162dc000-7f2a162dd000 rw-p 00003000 103:01 94852                     /usr/lib64/libdl-2.17.so
7f2a162dd000-7f2a162f3000 r-xp 00000000 103:01 257317968                 /usr/java/jdk1.8.0_171-amd64/jre/lib/amd64/jli/libjli.so
7f2a162f3000-7f2a164f2000 ---p 00016000 103:01 257317968                 /usr/java/jdk1.8.0_171-amd64/jre/lib/amd64/jli/libjli.so
7f2a164f2000-7f2a164f3000 rw-p 00015000 103:01 257317968                 /usr/java/jdk1.8.0_171-amd64/jre/lib/amd64/jli/libjli.so
7f2a164f3000-7f2a1650a000 r-xp 00000000 103:01 94872                     /usr/lib64/libpthread-2.17.so
7f2a1650a000-7f2a16709000 ---p 00017000 103:01 94872                     /usr/lib64/libpthread-2.17.so
7f2a16709000-7f2a1670a000 r--p 00016000 103:01 94872                     /usr/lib64/libpthread-2.17.so
7f2a1670a000-7f2a1670b000 rw-p 00017000 103:01 94872                     /usr/lib64/libpthread-2.17.so
7f2a1670b000-7f2a1670f000 rw-p 00000000 00:00 0 
7f2a1670f000-7f2a16731000 r-xp 00000000 103:01 87703                     /usr/lib64/ld-2.17.so
7f2a1674f000-7f2a16750000 rw-p 00000000 00:00 0 
7f2a16750000-7f2a16751000 r--s 00001000 103:01 4200990                   /tmp/sonar-scanner-api-batch2994140975796234406.jar
7f2a16751000-7f2a16766000 r--s 000ff000 103:01 247469744                 /usr/java/jdk1.8.0_171-amd64/jre/lib/resources.jar
7f2a16766000-7f2a16768000 r--s 00009000 103:01 415236214                 /usr/java/jdk1.8.0_171-amd64/jre/lib/ext/sunec.jar
7f2a16768000-7f2a1676b000 r--s 0001a000 103:01 247469115                 /usr/java/jdk1.8.0_171-amd64/jre/lib/jce.jar
7f2a1676b000-7f2a16771000 r--s 002f8000 103:01 247469710                 /usr/java/jdk1.8.0_171-amd64/jre/lib/charsets.jar
7f2a16771000-7f2a16777000 r--s 0266a000 103:01 1199910660                /home/centos/DOUTORADO/git-research/target/git-research-0.0.1-SNAPSHOT.jar
7f2a16777000-7f2a1681c000 rw-p 00000000 00:00 0 
7f2a1681c000-7f2a16824000 rw-s 00000000 103:01 725614707                 /tmp/hsperfdata_centos/14099
7f2a16824000-7f2a16828000 ---p 00000000 00:00 0 
7f2a16828000-7f2a16929000 rw-p 00000000 00:00 0 
7f2a16929000-7f2a1692d000 r--s 0009d000 103:01 247469745                 /usr/java/jdk1.8.0_171-amd64/jre/lib/jsse.jar
7f2a1692d000-7f2a1692e000 rw-p 00000000 00:00 0 
7f2a1692e000-7f2a1692f000 ---p 00000000 00:00 0 
7f2a1692f000-7f2a16930000 rw-p 00000000 00:00 0 
7f2a16930000-7f2a16931000 r--p 00021000 103:01 87703                     /usr/lib64/ld-2.17.so
7f2a16931000-7f2a16932000 rw-p 00022000 103:01 87703                     /usr/lib64/ld-2.17.so
7f2a16932000-7f2a16933000 rw-p 00000000 00:00 0 
7ffc05bb8000-7ffc05bd9000 rw-p 00000000 00:00 0                          [stack]
7ffc05bf3000-7ffc05bf5000 r-xp 00000000 00:00 0                          [vdso]
ffffffffff600000-ffffffffff601000 r-xp 00000000 00:00 0                  [vsyscall]

VM Arguments:
jvm_args: -Xmx8400m 
java_command: target/git-research-0.0.1-SNAPSHOT.jar
java_class_path (initial): target/git-research-0.0.1-SNAPSHOT.jar
Launcher Type: SUN_STANDARD

Environment Variables:
PATH=/home/centos/sonar-scanner-3.1.0.1141-linux/bin:/usr/local/bin:/usr/bin:/usr/local/sbin:/usr/sbin:/home/centos/.local/bin:/home/centos/bin
SHELL=/bin/bash

Signal Handlers:
SIGSEGV: [libjvm.so+0xad0890], sa_mask[0]=11111111011111111101111111111110, sa_flags=SA_RESTART|SA_SIGINFO
SIGBUS: [libjvm.so+0xad0890], sa_mask[0]=11111111011111111101111111111110, sa_flags=SA_RESTART|SA_SIGINFO
SIGFPE: [libjvm.so+0x928640], sa_mask[0]=11111111011111111101111111111110, sa_flags=SA_RESTART|SA_SIGINFO
SIGPIPE: [libjvm.so+0x928640], sa_mask[0]=11111111011111111101111111111110, sa_flags=SA_RESTART|SA_SIGINFO
SIGXFSZ: [libjvm.so+0x928640], sa_mask[0]=11111111011111111101111111111110, sa_flags=SA_RESTART|SA_SIGINFO
SIGILL: [libjvm.so+0x928640], sa_mask[0]=11111111011111111101111111111110, sa_flags=SA_RESTART|SA_SIGINFO
SIGUSR1: SIG_DFL, sa_mask[0]=00000000000000000000000000000000, sa_flags=none
SIGUSR2: [libjvm.so+0x929ea0], sa_mask[0]=00000000000000000000000000000000, sa_flags=SA_RESTART|SA_SIGINFO
SIGHUP: [libjvm.so+0x92b2a0], sa_mask[0]=11111111011111111101111111111110, sa_flags=SA_RESTART|SA_SIGINFO
SIGINT: [libjvm.so+0x92b2a0], sa_mask[0]=11111111011111111101111111111110, sa_flags=SA_RESTART|SA_SIGINFO
SIGTERM: [libjvm.so+0x92b2a0], sa_mask[0]=11111111011111111101111111111110, sa_flags=SA_RESTART|SA_SIGINFO
SIGQUIT: [libjvm.so+0x92b2a0], sa_mask[0]=11111111011111111101111111111110, sa_flags=SA_RESTART|SA_SIGINFO


---------------  S Y S T E M  ---------------

OS:CentOS Linux release 7.5.1804 (Core) 

uname:Linux 3.10.0-862.2.3.el7.x86_64 #1 SMP Wed May 9 18:05:47 UTC 2018 x86_64
libc:glibc 2.17 NPTL 2.17 
rlimit: STACK 8192k, CORE 0k, NPROC 4096, NOFILE 65536, AS infinity
load average:3.61 2.67 1.99

/proc/meminfo:
MemTotal:       31961368 kB
MemFree:          238460 kB
MemAvailable:      62152 kB
Buffers:               0 kB
Cached:            77612 kB
SwapCached:            0 kB
Active:         31247896 kB
Inactive:          50268 kB
Active(anon):   31222156 kB
Inactive(anon):    22112 kB
Active(file):      25740 kB
Inactive(file):    28156 kB
Unevictable:           0 kB
Mlocked:               0 kB
SwapTotal:             0 kB
SwapFree:              0 kB
Dirty:               156 kB
Writeback:             0 kB
AnonPages:      31221300 kB
Mapped:            36556 kB
Shmem:             23244 kB
Slab:             111428 kB
SReclaimable:      54844 kB
SUnreclaim:        56584 kB
KernelStack:        8496 kB
PageTables:        70908 kB
NFS_Unstable:          0 kB
Bounce:                0 kB
WritebackTmp:          0 kB
CommitLimit:    15980684 kB
Committed_AS:   38734528 kB
VmallocTotal:   34359738367 kB
VmallocUsed:       61712 kB
VmallocChunk:   34359674560 kB
HardwareCorrupted:     0 kB
AnonHugePages:  21288960 kB
CmaTotal:              0 kB
CmaFree:               0 kB
HugePages_Total:       0
HugePages_Free:        0
HugePages_Rsvd:        0
HugePages_Surp:        0
Hugepagesize:       2048 kB
DirectMap4k:       69604 kB
DirectMap2M:     4341760 kB
DirectMap1G:    28311552 kB


CPU:total 8 (initial active 8) (4 cores per cpu, 2 threads per core) family 6 model 85 stepping 4, cmov, cx8, fxsr, mmx, sse, sse2, sse3, ssse3, sse4.1, sse4.2, popcnt, avx, avx2, aes, clmul, erms, rtm, 3dnowpref, lzcnt, ht, tsc, tscinvbit, bmi1, bmi2, adx

/proc/cpuinfo:
processor	: 0
vendor_id	: GenuineIntel
cpu family	: 6
model		: 85
model name	: Intel(R) Xeon(R) Platinum 8175M CPU @ 2.50GHz
stepping	: 4
microcode	: 0x200003a
cpu MHz		: 2500.000
cache size	: 33792 KB
physical id	: 0
siblings	: 8
core id		: 0
cpu cores	: 4
apicid		: 0
initial apicid	: 0
fpu		: yes
fpu_exception	: yes
cpuid level	: 13
wp		: yes
flags		: fpu vme de pse tsc msr pae mce cx8 apic sep mtrr pge mca cmov pat pse36 clflush mmx fxsr sse sse2 ss ht syscall nx pdpe1gb rdtscp lm constant_tsc rep_good nopl xtopology nonstop_tsc aperfmperf eagerfpu pni pclmulqdq ssse3 fma cx16 pcid sse4_1 sse4_2 x2apic movbe popcnt tsc_deadline_timer aes xsave avx f16c rdrand hypervisor lahf_lm abm 3dnowprefetch fsgsbase tsc_adjust bmi1 hle avx2 smep bmi2 erms invpcid rtm mpx avx512f avx512dq rdseed adx smap clflushopt clwb avx512cd avx512bw avx512vl xsaveopt xsavec xgetbv1 ida arat pku ospke
bogomips	: 5000.00
clflush size	: 64
cache_alignment	: 64
address sizes	: 46 bits physical, 48 bits virtual
power management:

processor	: 1
vendor_id	: GenuineIntel
cpu family	: 6
model		: 85
model name	: Intel(R) Xeon(R) Platinum 8175M CPU @ 2.50GHz
stepping	: 4
microcode	: 0x200003a
cpu MHz		: 2500.000
cache size	: 33792 KB
physical id	: 0
siblings	: 8
core id		: 1
cpu cores	: 4
apicid		: 2
initial apicid	: 2
fpu		: yes
fpu_exception	: yes
cpuid level	: 13
wp		: yes
flags		: fpu vme de pse tsc msr pae mce cx8 apic sep mtrr pge mca cmov pat pse36 clflush mmx fxsr sse sse2 ss ht syscall nx pdpe1gb rdtscp lm constant_tsc rep_good nopl xtopology nonstop_tsc aperfmperf eagerfpu pni pclmulqdq ssse3 fma cx16 pcid sse4_1 sse4_2 x2apic movbe popcnt tsc_deadline_timer aes xsave avx f16c rdrand hypervisor lahf_lm abm 3dnowprefetch fsgsbase tsc_adjust bmi1 hle avx2 smep bmi2 erms invpcid rtm mpx avx512f avx512dq rdseed adx smap clflushopt clwb avx512cd avx512bw avx512vl xsaveopt xsavec xgetbv1 ida arat pku ospke
bogomips	: 5000.00
clflush size	: 64
cache_alignment	: 64
address sizes	: 46 bits physical, 48 bits virtual
power management:

processor	: 2
vendor_id	: GenuineIntel
cpu family	: 6
model		: 85
model name	: Intel(R) Xeon(R) Platinum 8175M CPU @ 2.50GHz
stepping	: 4
microcode	: 0x200003a
cpu MHz		: 2500.000
cache size	: 33792 KB
physical id	: 0
siblings	: 8
core id		: 2
cpu cores	: 4
apicid		: 4
initial apicid	: 4
fpu		: yes
fpu_exception	: yes
cpuid level	: 13
wp		: yes
flags		: fpu vme de pse tsc msr pae mce cx8 apic sep mtrr pge mca cmov pat pse36 clflush mmx fxsr sse sse2 ss ht syscall nx pdpe1gb rdtscp lm constant_tsc rep_good nopl xtopology nonstop_tsc aperfmperf eagerfpu pni pclmulqdq ssse3 fma cx16 pcid sse4_1 sse4_2 x2apic movbe popcnt tsc_deadline_timer aes xsave avx f16c rdrand hypervisor lahf_lm abm 3dnowprefetch fsgsbase tsc_adjust bmi1 hle avx2 smep bmi2 erms invpcid rtm mpx avx512f avx512dq rdseed adx smap clflushopt clwb avx512cd avx512bw avx512vl xsaveopt xsavec xgetbv1 ida arat pku ospke
bogomips	: 5000.00
clflush size	: 64
cache_alignment	: 64
address sizes	: 46 bits physical, 48 bits virtual
power management:

processor	: 3
vendor_id	: GenuineIntel
cpu family	: 6
model		: 85
model name	: Intel(R) Xeon(R) Platinum 8175M CPU @ 2.50GHz
stepping	: 4
microcode	: 0x200003a
cpu MHz		: 2500.000
cache size	: 33792 KB
physical id	: 0
siblings	: 8
core id		: 3
cpu cores	: 4
apicid		: 6
initial apicid	: 6
fpu		: yes
fpu_exception	: yes
cpuid level	: 13
wp		: yes
flags		: fpu vme de pse tsc msr pae mce cx8 apic sep mtrr pge mca cmov pat pse36 clflush mmx fxsr sse sse2 ss ht syscall nx pdpe1gb rdtscp lm constant_tsc rep_good nopl xtopology nonstop_tsc aperfmperf eagerfpu pni pclmulqdq ssse3 fma cx16 pcid sse4_1 sse4_2 x2apic movbe popcnt tsc_deadline_timer aes xsave avx f16c rdrand hypervisor lahf_lm abm 3dnowprefetch fsgsbase tsc_adjust bmi1 hle avx2 smep bmi2 erms invpcid rtm mpx avx512f avx512dq rdseed adx smap clflushopt clwb avx512cd avx512bw avx512vl xsaveopt xsavec xgetbv1 ida arat pku ospke
bogomips	: 5000.00
clflush size	: 64
cache_alignment	: 64
address sizes	: 46 bits physical, 48 bits virtual
power management:

processor	: 4
vendor_id	: GenuineIntel
cpu family	: 6
model		: 85
model name	: Intel(R) Xeon(R) Platinum 8175M CPU @ 2.50GHz
stepping	: 4
microcode	: 0x200003a
cpu MHz		: 2500.000
cache size	: 33792 KB
physical id	: 0
siblings	: 8
core id		: 0
cpu cores	: 4
apicid		: 1
initial apicid	: 1
fpu		: yes
fpu_exception	: yes
cpuid level	: 13
wp		: yes
flags		: fpu vme de pse tsc msr pae mce cx8 apic sep mtrr pge mca cmov pat pse36 clflush mmx fxsr sse sse2 ss ht syscall nx pdpe1gb rdtscp lm constant_tsc rep_good nopl xtopology nonstop_tsc aperfmperf eagerfpu pni pclmulqdq ssse3 fma cx16 pcid sse4_1 sse4_2 x2apic movbe popcnt tsc_deadline_timer aes xsave avx f16c rdrand hypervisor lahf_lm abm 3dnowprefetch fsgsbase tsc_adjust bmi1 hle avx2 smep bmi2 erms invpcid rtm mpx avx512f avx512dq rdseed adx smap clflushopt clwb avx512cd avx512bw avx512vl xsaveopt xsavec xgetbv1 ida arat pku ospke
bogomips	: 5000.00
clflush size	: 64
cache_alignment	: 64
address sizes	: 46 bits physical, 48 bits virtual
power management:

processor	: 5
vendor_id	: GenuineIntel
cpu family	: 6
model		: 85
model name	: Intel(R) Xeon(R) Platinum 8175M CPU @ 2.50GHz
stepping	: 4
microcode	: 0x200003a
cpu MHz		: 2500.000
cache size	: 33792 KB
physical id	: 0
siblings	: 8
core id		: 1
cpu cores	: 4
apicid		: 3
initial apicid	: 3
fpu		: yes
fpu_exception	: yes
cpuid level	: 13
wp		: yes
flags		: fpu vme de pse tsc msr pae mce cx8 apic sep mtrr pge mca cmov pat pse36 clflush mmx fxsr sse sse2 ss ht syscall nx pdpe1gb rdtscp lm constant_tsc rep_good nopl xtopology nonstop_tsc aperfmperf eagerfpu pni pclmulqdq ssse3 fma cx16 pcid sse4_1 sse4_2 x2apic movbe popcnt tsc_deadline_timer aes xsave avx f16c rdrand hypervisor lahf_lm abm 3dnowprefetch fsgsbase tsc_adjust bmi1 hle avx2 smep bmi2 erms invpcid rtm mpx avx512f avx512dq rdseed adx smap clflushopt clwb avx512cd avx512bw avx512vl xsaveopt xsavec xgetbv1 ida arat pku ospke
bogomips	: 5000.00
clflush size	: 64
cache_alignment	: 64
address sizes	: 46 bits physical, 48 bits virtual
power management:

processor	: 6
vendor_id	: GenuineIntel
cpu family	: 6
model		: 85
model name	: Intel(R) Xeon(R) Platinum 8175M CPU @ 2.50GHz
stepping	: 4
microcode	: 0x200003a
cpu MHz		: 2500.000
cache size	: 33792 KB
physical id	: 0
siblings	: 8
core id		: 2
cpu cores	: 4
apicid		: 5
initial apicid	: 5
fpu		: yes
fpu_exception	: yes
cpuid level	: 13
wp		: yes
flags		: fpu vme de pse tsc msr pae mce cx8 apic sep mtrr pge mca cmov pat pse36 clflush mmx fxsr sse sse2 ss ht syscall nx pdpe1gb rdtscp lm constant_tsc rep_good nopl xtopology nonstop_tsc aperfmperf eagerfpu pni pclmulqdq ssse3 fma cx16 pcid sse4_1 sse4_2 x2apic movbe popcnt tsc_deadline_timer aes xsave avx f16c rdrand hypervisor lahf_lm abm 3dnowprefetch fsgsbase tsc_adjust bmi1 hle avx2 smep bmi2 erms invpcid rtm mpx avx512f avx512dq rdseed adx smap clflushopt clwb avx512cd avx512bw avx512vl xsaveopt xsavec xgetbv1 ida arat pku ospke
bogomips	: 5000.00
clflush size	: 64
cache_alignment	: 64
address sizes	: 46 bits physical, 48 bits virtual
power management:

processor	: 7
vendor_id	: GenuineIntel
cpu family	: 6
model		: 85
model name	: Intel(R) Xeon(R) Platinum 8175M CPU @ 2.50GHz
stepping	: 4
microcode	: 0x200003a
cpu MHz		: 2500.000
cache size	: 33792 KB
physical id	: 0
siblings	: 8
core id		: 3
cpu cores	: 4
apicid		: 7
initial apicid	: 7
fpu		: yes
fpu_exception	: yes
cpuid level	: 13
wp		: yes
flags		: fpu vme de pse tsc msr pae mce cx8 apic sep mtrr pge mca cmov pat pse36 clflush mmx fxsr sse sse2 ss ht syscall nx pdpe1gb rdtscp lm constant_tsc rep_good nopl xtopology nonstop_tsc aperfmperf eagerfpu pni pclmulqdq ssse3 fma cx16 pcid sse4_1 sse4_2 x2apic movbe popcnt tsc_deadline_timer aes xsave avx f16c rdrand hypervisor lahf_lm abm 3dnowprefetch fsgsbase tsc_adjust bmi1 hle avx2 smep bmi2 erms invpcid rtm mpx avx512f avx512dq rdseed adx smap clflushopt clwb avx512cd avx512bw avx512vl xsaveopt xsavec xgetbv1 ida arat pku ospke
bogomips	: 5000.00
clflush size	: 64
cache_alignment	: 64
address sizes	: 46 bits physical, 48 bits virtual
power management:



Memory: 4k page, physical 31961368k(238460k free), swap 0k(0k free)

vm_info: Java HotSpot(TM) 64-Bit Server VM (25.171-b11) for linux-amd64 JRE (1.8.0_171-b11), built on Mar 28 2018 17:07:08 by "java_re" with gcc 4.3.0 20080428 (Red Hat 4.3.0-8)

time: Mon May 28 00:34:40 2018
elapsed time: 699 seconds (0d 0h 11m 39s)

